build/app/intermediates/manifest_merge_blame_file/release/manifest-merger-blame-release-report.txt
1<?xml version="1.0" encoding="utf-8"?>
2<manifest xmlns:android="http://schemas.android.com/apk/res/android"
3    package="com.example.flutter_application_1"
4    android:versionCode="1"
5    android:versionName="1.0.0" >
6
7    <uses-sdk
8        android:minSdkVersion="21"
8-->src/main/AndroidManifest.xml
9        android:targetSdkVersion="34" />
9-->src/main/AndroidManifest.xml
10
11    <uses-permission android:name="android.permission.INTERNET" />
11-->src/main/AndroidManifest.xml:2:5-67
11-->src/main/AndroidManifest.xml:2:22-64
12
13    <queries>
13-->src/main/AndroidManifest.xml:30:5-35:15
14        <intent>
14-->src/main/AndroidManifest.xml:31:9-34:18
15            <action android:name="android.intent.action.PROCESS_TEXT" />
15-->src/main/AndroidManifest.xml:32:13-72
15-->src/main/AndroidManifest.xml:32:21-70
16
17            <data android:mimeType="text/plain" />
17-->src/main/AndroidManifest.xml:33:13-50
17-->src/main/AndroidManifest.xml:33:19-48
18        </intent>
19        <intent>
19-->[com.razorpay:checkout:1.6.39] AndroidManifest.xml:11:9-17:18
20            <action android:name="android.intent.action.VIEW" />
20-->[com.razorpay:checkout:1.6.39] AndroidManifest.xml:12:13-65
20-->[com.razorpay:checkout:1.6.39] AndroidManifest.xml:12:21-62
21
22            <data
22-->src/main/AndroidManifest.xml:33:13-50
23                android:mimeType="*/*"
23-->src/main/AndroidManifest.xml:33:19-48
24                android:scheme="*" />
25        </intent>
26        <intent>
26-->[com.razorpay:checkout:1.6.39] AndroidManifest.xml:18:9-27:18
27            <action android:name="android.intent.action.VIEW" />
27-->[com.razorpay:checkout:1.6.39] AndroidManifest.xml:12:13-65
27-->[com.razorpay:checkout:1.6.39] AndroidManifest.xml:12:21-62
28
29            <category android:name="android.intent.category.BROWSABLE" />
29-->[com.razorpay:checkout:1.6.39] AndroidManifest.xml:21:13-74
29-->[com.razorpay:checkout:1.6.39] AndroidManifest.xml:21:23-71
30
31            <data
31-->src/main/AndroidManifest.xml:33:13-50
32                android:host="pay"
33                android:mimeType="*/*"
33-->src/main/AndroidManifest.xml:33:19-48
34                android:scheme="upi" />
35        </intent>
36        <intent>
36-->[com.razorpay:checkout:1.6.39] AndroidManifest.xml:28:9-30:18
37            <action android:name="android.intent.action.MAIN" />
37-->src/main/AndroidManifest.xml:22:17-68
37-->src/main/AndroidManifest.xml:22:25-66
38        </intent>
39        <intent>
39-->[com.razorpay:checkout:1.6.39] AndroidManifest.xml:31:9-35:18
40            <action android:name="android.intent.action.SEND" />
40-->[com.razorpay:checkout:1.6.39] AndroidManifest.xml:32:13-65
40-->[com.razorpay:checkout:1.6.39] AndroidManifest.xml:32:21-62
41
42            <data android:mimeType="*/*" />
42-->src/main/AndroidManifest.xml:33:13-50
42-->src/main/AndroidManifest.xml:33:19-48
43        </intent>
44        <intent>
44-->[com.razorpay:checkout:1.6.39] AndroidManifest.xml:36:9-38:18
45            <action android:name="rzp.device_token.share" />
45-->[com.razorpay:checkout:1.6.39] AndroidManifest.xml:37:13-61
45-->[com.razorpay:checkout:1.6.39] AndroidManifest.xml:37:21-58
46        </intent>
47    </queries>
48    <!-- Include required permissions for Google Maps API to run. -->
49    <uses-permission android:name="android.permission.ACCESS_NETWORK_STATE" />
49-->[com.google.android.gms:play-services-maps:17.0.0] AndroidManifest.xml:23:5-79
49-->[com.google.android.gms:play-services-maps:17.0.0] AndroidManifest.xml:23:22-76
50
51    <uses-feature
51-->[com.google.android.gms:play-services-maps:17.0.0] AndroidManifest.xml:26:5-28:35
52        android:glEsVersion="0x00020000"
52-->[com.google.android.gms:play-services-maps:17.0.0] AndroidManifest.xml:27:9-41
53        android:required="true" />
53-->[com.google.android.gms:play-services-maps:17.0.0] AndroidManifest.xml:28:9-32
54
55    <uses-permission android:name="android.permission.CAMERA" /> <!-- Don't require camera, as this requires a rear camera. This allows it to work on the Nexus 7 -->
55-->[com.journeyapps:zxing-android-embedded:4.3.0] AndroidManifest.xml:22:5-65
55-->[com.journeyapps:zxing-android-embedded:4.3.0] AndroidManifest.xml:22:22-62
56    <uses-feature
56-->[com.journeyapps:zxing-android-embedded:4.3.0] AndroidManifest.xml:25:5-27:36
57        android:name="android.hardware.camera"
57-->[com.journeyapps:zxing-android-embedded:4.3.0] AndroidManifest.xml:26:9-47
58        android:required="false" />
58-->[com.journeyapps:zxing-android-embedded:4.3.0] AndroidManifest.xml:27:9-33
59    <uses-feature
59-->[com.journeyapps:zxing-android-embedded:4.3.0] AndroidManifest.xml:28:5-30:36
60        android:name="android.hardware.camera.front"
60-->[com.journeyapps:zxing-android-embedded:4.3.0] AndroidManifest.xml:29:9-53
61        android:required="false" /> <!-- TODO replace above two with next line after Android 4.2 -->
61-->[com.journeyapps:zxing-android-embedded:4.3.0] AndroidManifest.xml:30:9-33
62    <!-- <uses-feature android:name="android.hardware.camera.any"/> -->
63    <uses-feature
63-->[com.journeyapps:zxing-android-embedded:4.3.0] AndroidManifest.xml:33:5-35:36
64        android:name="android.hardware.camera.autofocus"
64-->[com.journeyapps:zxing-android-embedded:4.3.0] AndroidManifest.xml:34:9-57
65        android:required="false" />
65-->[com.journeyapps:zxing-android-embedded:4.3.0] AndroidManifest.xml:35:9-33
66    <uses-feature
66-->[com.journeyapps:zxing-android-embedded:4.3.0] AndroidManifest.xml:36:5-38:36
67        android:name="android.hardware.camera.flash"
67-->[com.journeyapps:zxing-android-embedded:4.3.0] AndroidManifest.xml:37:9-53
68        android:required="false" />
68-->[com.journeyapps:zxing-android-embedded:4.3.0] AndroidManifest.xml:38:9-33
69    <uses-feature
69-->[com.journeyapps:zxing-android-embedded:4.3.0] AndroidManifest.xml:39:5-41:36
70        android:name="android.hardware.screen.landscape"
70-->[com.journeyapps:zxing-android-embedded:4.3.0] AndroidManifest.xml:40:9-57
71        android:required="false" />
71-->[com.journeyapps:zxing-android-embedded:4.3.0] AndroidManifest.xml:41:9-33
72    <uses-feature
72-->[com.journeyapps:zxing-android-embedded:4.3.0] AndroidManifest.xml:42:5-44:36
73        android:name="android.hardware.wifi"
73-->[com.journeyapps:zxing-android-embedded:4.3.0] AndroidManifest.xml:43:9-45
74        android:required="false" /> <!-- <uses-permission android:name="android.permission.CAMERA" /> -->
74-->[com.journeyapps:zxing-android-embedded:4.3.0] AndroidManifest.xml:44:9-33
75    <application
76        android:name="android.app.Application"
76-->src/main/AndroidManifest.xml:7:9-42
77        android:appComponentFactory="androidx.core.app.CoreComponentFactory"
77-->[androidx.core:core:1.8.0] AndroidManifest.xml:24:18-86
78        android:icon="@mipmap/ic_launcher"
78-->src/main/AndroidManifest.xml:8:9-43
79        android:label="EV" >
79-->src/main/AndroidManifest.xml:6:9-27
80        <activity
80-->src/main/AndroidManifest.xml:9:9-25:20
81            android:name="com.example.flutter_application_1.MainActivity"
81-->src/main/AndroidManifest.xml:10:13-41
82            android:configChanges="orientation|keyboardHidden|keyboard|screenSize|smallestScreenSize|locale|layoutDirection|fontScale|screenLayout|density|uiMode"
82-->src/main/AndroidManifest.xml:14:13-163
83            android:exported="true"
83-->src/main/AndroidManifest.xml:11:13-36
84            android:hardwareAccelerated="true"
84-->src/main/AndroidManifest.xml:15:13-47
85            android:launchMode="singleTop"
85-->src/main/AndroidManifest.xml:12:13-43
86            android:theme="@style/LaunchTheme"
86-->src/main/AndroidManifest.xml:13:13-47
87            android:windowSoftInputMode="adjustResize" >
87-->src/main/AndroidManifest.xml:16:13-55
88            <meta-data
88-->src/main/AndroidManifest.xml:17:6-20:19
89                android:name="io.flutter.embedding.android.NormalTheme"
89-->src/main/AndroidManifest.xml:18:17-72
90                android:resource="@style/NormalTheme" />
90-->src/main/AndroidManifest.xml:19:17-54
91
92            <intent-filter>
92-->src/main/AndroidManifest.xml:21:13-24:29
93                <action android:name="android.intent.action.MAIN" />
93-->src/main/AndroidManifest.xml:22:17-68
93-->src/main/AndroidManifest.xml:22:25-66
94
95                <category android:name="android.intent.category.LAUNCHER" />
95-->src/main/AndroidManifest.xml:23:17-76
95-->src/main/AndroidManifest.xml:23:27-74
96            </intent-filter>
97        </activity>
98
99        <meta-data
99-->src/main/AndroidManifest.xml:26:2-28:33
100            android:name="flutterEmbedding"
100-->src/main/AndroidManifest.xml:27:13-44
101            android:value="2" />
101-->src/main/AndroidManifest.xml:28:13-30
102
103        <uses-library
103-->[androidx.window:window:1.0.0-beta04] AndroidManifest.xml:25:9-27:40
104            android:name="androidx.window.extensions"
104-->[androidx.window:window:1.0.0-beta04] AndroidManifest.xml:26:13-54
105            android:required="false" />
105-->[androidx.window:window:1.0.0-beta04] AndroidManifest.xml:27:13-37
106        <uses-library
106-->[androidx.window:window:1.0.0-beta04] AndroidManifest.xml:28:9-30:40
107            android:name="androidx.window.sidecar"
107-->[androidx.window:window:1.0.0-beta04] AndroidManifest.xml:29:13-51
108            android:required="false" />
108-->[androidx.window:window:1.0.0-beta04] AndroidManifest.xml:30:13-37
109
110        <receiver
110-->[com.razorpay:checkout:1.6.39] AndroidManifest.xml:42:9-49:20
111            android:name="com.razorpay.RzpTokenReceiver"
111-->[com.razorpay:checkout:1.6.39] AndroidManifest.xml:43:13-57
112            android:exported="true" >
112-->[com.razorpay:checkout:1.6.39] AndroidManifest.xml:44:13-36
113            <intent-filter>
113-->[com.razorpay:checkout:1.6.39] AndroidManifest.xml:46:13-48:29
114                <action android:name="rzp.device_token.share" />
114-->[com.razorpay:checkout:1.6.39] AndroidManifest.xml:37:13-61
114-->[com.razorpay:checkout:1.6.39] AndroidManifest.xml:37:21-58
115            </intent-filter>
116        </receiver>
117
118        <activity
118-->[com.razorpay:checkout:1.6.39] AndroidManifest.xml:51:9-59:20
119            android:name="com.razorpay.CheckoutActivity"
119-->[com.razorpay:checkout:1.6.39] AndroidManifest.xml:52:13-57
120            android:configChanges="keyboard|keyboardHidden|orientation|screenSize"
120-->[com.razorpay:checkout:1.6.39] AndroidManifest.xml:53:13-83
121            android:exported="false"
121-->[com.razorpay:checkout:1.6.39] AndroidManifest.xml:54:13-37
122            android:theme="@style/CheckoutTheme" >
122-->[com.razorpay:checkout:1.6.39] AndroidManifest.xml:55:13-49
123            <intent-filter>
123-->[com.razorpay:checkout:1.6.39] AndroidManifest.xml:56:13-58:29
124                <action android:name="android.intent.action.MAIN" />
124-->src/main/AndroidManifest.xml:22:17-68
124-->src/main/AndroidManifest.xml:22:25-66
125            </intent-filter>
126        </activity>
127
128        <meta-data
128-->[com.razorpay:checkout:1.6.39] AndroidManifest.xml:61:9-63:58
129            android:name="com.razorpay.plugin.googlepay_all"
129-->[com.razorpay:checkout:1.6.39] AndroidManifest.xml:62:13-61
130            android:value="com.razorpay.RzpGpayMerged" />
130-->[com.razorpay:checkout:1.6.39] AndroidManifest.xml:63:13-55
131
132        <activity
132-->[com.google.android.gms:play-services-auth:21.1.0] AndroidManifest.xml:23:9-27:75
133            android:name="com.google.android.gms.auth.api.signin.internal.SignInHubActivity"
133-->[com.google.android.gms:play-services-auth:21.1.0] AndroidManifest.xml:24:13-93
134            android:excludeFromRecents="true"
134-->[com.google.android.gms:play-services-auth:21.1.0] AndroidManifest.xml:25:13-46
135            android:exported="false"
135-->[com.google.android.gms:play-services-auth:21.1.0] AndroidManifest.xml:26:13-37
136            android:theme="@android:style/Theme.Translucent.NoTitleBar" />
136-->[com.google.android.gms:play-services-auth:21.1.0] AndroidManifest.xml:27:13-72
137        <!--
138            Service handling Google Sign-In user revocation. For apps that do not integrate with
139            Google Sign-In, this service will never be started.
140        -->
141        <service
141-->[com.google.android.gms:play-services-auth:21.1.0] AndroidManifest.xml:33:9-37:51
142            android:name="com.google.android.gms.auth.api.signin.RevocationBoundService"
142-->[com.google.android.gms:play-services-auth:21.1.0] AndroidManifest.xml:34:13-89
143            android:exported="true"
143-->[com.google.android.gms:play-services-auth:21.1.0] AndroidManifest.xml:35:13-36
144            android:permission="com.google.android.gms.auth.api.signin.permission.REVOCATION_NOTIFICATION"
144-->[com.google.android.gms:play-services-auth:21.1.0] AndroidManifest.xml:36:13-107
145            android:visibleToInstantApps="true" /> <!-- Needs to be explicitly declared on P+ -->
145-->[com.google.android.gms:play-services-auth:21.1.0] AndroidManifest.xml:37:13-48
146        <uses-library
146-->[com.google.android.gms:play-services-maps:17.0.0] AndroidManifest.xml:33:9-35:40
147            android:name="org.apache.http.legacy"
147-->[com.google.android.gms:play-services-maps:17.0.0] AndroidManifest.xml:34:13-50
148            android:required="false" />
148-->[com.google.android.gms:play-services-maps:17.0.0] AndroidManifest.xml:35:13-37
149
150        <activity
150-->[com.google.android.gms:play-services-base:18.3.0] AndroidManifest.xml:20:9-22:45
151            android:name="com.google.android.gms.common.api.GoogleApiActivity"
151-->[com.google.android.gms:play-services-base:18.3.0] AndroidManifest.xml:20:19-85
152            android:exported="false"
152-->[com.google.android.gms:play-services-base:18.3.0] AndroidManifest.xml:22:19-43
153            android:theme="@android:style/Theme.Translucent.NoTitleBar" />
153-->[com.google.android.gms:play-services-base:18.3.0] AndroidManifest.xml:21:19-78
154
155        <meta-data
155-->[com.google.android.gms:play-services-basement:18.3.0] AndroidManifest.xml:21:9-23:69
156            android:name="com.google.android.gms.version"
156-->[com.google.android.gms:play-services-basement:18.3.0] AndroidManifest.xml:22:13-58
157            android:value="@integer/google_play_services_version" />
157-->[com.google.android.gms:play-services-basement:18.3.0] AndroidManifest.xml:23:13-66
158
159        <activity
159-->[com.journeyapps:zxing-android-embedded:4.3.0] AndroidManifest.xml:47:9-53:63
160            android:name="com.journeyapps.barcodescanner.CaptureActivity"
160-->[com.journeyapps:zxing-android-embedded:4.3.0] AndroidManifest.xml:48:13-74
161            android:clearTaskOnLaunch="true"
161-->[com.journeyapps:zxing-android-embedded:4.3.0] AndroidManifest.xml:49:13-45
162            android:screenOrientation="sensorLandscape"
162-->[com.journeyapps:zxing-android-embedded:4.3.0] AndroidManifest.xml:50:13-56
163            android:stateNotNeeded="true"
163-->[com.journeyapps:zxing-android-embedded:4.3.0] AndroidManifest.xml:51:13-42
164            android:theme="@style/zxing_CaptureTheme"
164-->[com.journeyapps:zxing-android-embedded:4.3.0] AndroidManifest.xml:52:13-54
165            android:windowSoftInputMode="stateAlwaysHidden" />
165-->[com.journeyapps:zxing-android-embedded:4.3.0] AndroidManifest.xml:53:13-60
166
167        <provider
167-->[androidx.emoji2:emoji2:1.0.0] AndroidManifest.xml:26:9-34:20
168            android:name="androidx.startup.InitializationProvider"
168-->[androidx.emoji2:emoji2:1.0.0] AndroidManifest.xml:27:13-67
169            android:authorities="com.example.flutter_application_1.androidx-startup"
169-->[androidx.emoji2:emoji2:1.0.0] AndroidManifest.xml:28:13-68
170            android:exported="false" >
170-->[androidx.emoji2:emoji2:1.0.0] AndroidManifest.xml:29:13-37
171            <meta-data
171-->[androidx.emoji2:emoji2:1.0.0] AndroidManifest.xml:31:13-33:52
172                android:name="androidx.emoji2.text.EmojiCompatInitializer"
172-->[androidx.emoji2:emoji2:1.0.0] AndroidManifest.xml:32:17-75
173                android:value="androidx.startup" />
173-->[androidx.emoji2:emoji2:1.0.0] AndroidManifest.xml:33:17-49
174            <meta-data
174-->[androidx.lifecycle:lifecycle-process:2.4.0] AndroidManifest.xml:31:13-33:52
175                android:name="androidx.lifecycle.ProcessLifecycleInitializer"
175-->[androidx.lifecycle:lifecycle-process:2.4.0] AndroidManifest.xml:32:17-78
176                android:value="androidx.startup" />
176-->[androidx.lifecycle:lifecycle-process:2.4.0] AndroidManifest.xml:33:17-49
177        </provider>
178    </application>
179
180</manifest>